app/build/outputs/logs/manifest-merger-debug-report.txt
-- Merging decision tree log ---
manifest
ADDED from src/main/AndroidManifest.xml:2:1-49:12
	package
		ADDED from src/main/AndroidManifest.xml:3:5-27
		INJECTED from src/main/AndroidManifest.xml
		INJECTED from src/main/AndroidManifest.xml
	android:versionName
		ADDED from src/main/AndroidManifest.xml:5:5-30
		INJECTED from src/main/AndroidManifest.xml
		INJECTED from src/main/AndroidManifest.xml
	android:versionCode
		ADDED from src/main/AndroidManifest.xml:4:5-28
		INJECTED from src/main/AndroidManifest.xml
		INJECTED from src/main/AndroidManifest.xml
	xmlns:android
		ADDED from src/main/AndroidManifest.xml:2:11-69
uses-sdk
ADDED from src/main/AndroidManifest.xml:7:5-9:41
MERGED from [com.android.support:support-v4:23.4.0] AndroidManifest.xml:20:5-43
	android:targetSdkVersion
		ADDED from src/main/AndroidManifest.xml:9:9-38
		INJECTED from src/main/AndroidManifest.xml
		INJECTED from src/main/AndroidManifest.xml
	android:minSdkVersion
		ADDED from src/main/AndroidManifest.xml:8:9-35
		INJECTED from src/main/AndroidManifest.xml
		INJECTED from src/main/AndroidManifest.xml
android:uses-permission#android.permission.WRITE_EXTERNAL_STORAGE
ADDED from src/main/AndroidManifest.xml:11:5-89
	android:name
		ADDED from src/main/AndroidManifest.xml:11:30-86
android:uses-permission#android.permission.READ_PHONE_STATE
ADDED from src/main/AndroidManifest.xml:12:5-83
	android:name
		ADDED from src/main/AndroidManifest.xml:12:30-80
android:uses-permission#android.permission.READ_EXTERNAL_STORAGE
ADDED from src/main/AndroidManifest.xml:13:5-88
	android:name
		ADDED from src/main/AndroidManifest.xml:13:30-85
application
ADDED from src/main/AndroidManifest.xml:15:5-47:19
MERGED from [com.android.support:support-v4:23.4.0] AndroidManifest.xml:22:5-20
	android:label
		ADDED from src/main/AndroidManifest.xml:18:9-41
	android:allowBackup
		ADDED from src/main/AndroidManifest.xml:16:9-35
	android:icon
		ADDED from src/main/AndroidManifest.xml:17:9-45
	android:theme
		ADDED from src/main/AndroidManifest.xml:19:9-40
activity#com.hqc.demo.MainActivity
ADDED from src/main/AndroidManifest.xml:20:9-28:20
	android:label
		ADDED from src/main/AndroidManifest.xml:22:13-45
	android:name
		ADDED from src/main/AndroidManifest.xml:21:13-41
intent-filter#android.intent.action.MAIN+android.intent.category.LAUNCHER
ADDED from src/main/AndroidManifest.xml:23:13-27:29
action#android.intent.action.MAIN
ADDED from src/main/AndroidManifest.xml:24:17-69
	android:name
		ADDED from src/main/AndroidManifest.xml:24:25-66
category#android.intent.category.LAUNCHER
ADDED from src/main/AndroidManifest.xml:26:17-77
	android:name
		ADDED from src/main/AndroidManifest.xml:26:27-74
activity#com.hqc.demo.eventbusdemo.EventBusActivity1
ADDED from src/main/AndroidManifest.xml:29:9-68
	android:name
		ADDED from src/main/AndroidManifest.xml:29:19-65
activity#com.hqc.demo.eventbusdemo.EventBusActivity2
ADDED from src/main/AndroidManifest.xml:30:9-68
	android:name
		ADDED from src/main/AndroidManifest.xml:30:19-65
activity#com.hqc.demo.dataclearreceiverdemo.DataClearReceiverDemoActivity
ADDED from src/main/AndroidManifest.xml:31:9-33:79
	android:label
		ADDED from src/main/AndroidManifest.xml:33:13-76
	android:name
		ADDED from src/main/AndroidManifest.xml:32:13-80
receiver#com.hqc.demo.dataclearreceiverdemo.DataClearReceiver
ADDED from src/main/AndroidManifest.xml:35:9-46:20
	android:enabled
		ADDED from src/main/AndroidManifest.xml:37:13-35
	android:exported
		ADDED from src/main/AndroidManifest.xml:38:13-36
	android:name
		ADDED from src/main/AndroidManifest.xml:36:13-68
intent-filter#com.gionee.clearData
ADDED from src/main/AndroidManifest.xml:39:13-44:29
action#com.gionee.clearData
ADDED from src/main/AndroidManifest.xml:40:17-42:26
	android:name
		ADDED from src/main/AndroidManifest.xml:40:25-60